2024-02-01 00:22:13.807 [main] DEBUG org.example.App - We've just greeted the user!
2024-02-01 00:22:13.815 [main] INFO  org.example.App - We've just greeted the user!
2024-02-01 00:22:13.816 [main] WARN  org.example.App - We've just greeted the user!
2024-02-01 00:22:13.816 [main] ERROR org.example.App - We've just greeted the user!
2024-02-01 00:22:13.816 [main] FATAL org.example.App - We've just greeted the user!
2024-02-01 01:56:35.090 [main] INFO  org.example.App - We've just greeted the user!
2024-02-01 01:56:35.095 [main] WARN  org.example.App - We've just greeted the user!
2024-02-01 01:56:35.095 [main] ERROR org.example.App - We've just greeted the user!
2024-02-01 01:56:35.095 [main] FATAL org.example.App - We've just greeted the user!
2024-02-01 01:58:52.363 [main] INFO  org.example.App - getBreeds_TC01
2024-02-01 02:15:52.498 [main] INFO  org.example.App - getBreeds_TC01
2024-02-01 02:15:52.967 [main] INFO  org.example.App - getBreeds_TC02
2024-02-01 02:18:53.656 [main] INFO  org.example.App - We've just greeted the user!
2024-02-01 02:18:53.663 [main] WARN  org.example.App - We've just greeted the user!
2024-02-01 02:18:53.663 [main] ERROR org.example.App - We've just greeted the user!
2024-02-01 02:18:53.663 [main] FATAL org.example.App - We've just greeted the user!
2024-02-01 02:19:35.194 [main] TRACE org.example.App - We've just greeted the user!
2024-02-01 02:19:35.199 [main] DEBUG org.example.App - We've just greeted the user!
2024-02-01 02:19:35.199 [main] INFO  org.example.App - We've just greeted the user!
2024-02-01 02:19:35.199 [main] WARN  org.example.App - We've just greeted the user!
2024-02-01 02:19:35.199 [main] ERROR org.example.App - We've just greeted the user!
2024-02-01 02:19:35.199 [main] FATAL org.example.App - We've just greeted the user!
2024-02-01 02:20:15.744 [main] TRACE org.example.App - We've just greeted the user!
2024-02-01 02:52:56.930 [main] TRACE org.example.App - getBreeds_TC01()
2024-02-01 02:52:56.933 [main] DEBUG org.example.App - getBreeds_TC01()
2024-02-01 02:52:56.934 [main] INFO  org.example.App - getBreeds_TC01()
2024-02-01 02:52:56.935 [main] WARN  org.example.App - getBreeds_TC01()
2024-02-01 02:52:56.935 [main] ERROR org.example.App - getBreeds_TC01()
2024-02-01 02:52:56.936 [main] FATAL org.example.App - getBreeds_TC01()
2024-02-01 03:07:48.486 [main] INFO  org.example.App - getBreeds_TC01()
2024-02-01 03:09:55.233 [main] INFO  org.example.App - getBreeds_TC01()
2024-02-01 03:09:55.702 [main] INFO  org.example.App - getBreeds_TC02()
2024-02-01 03:09:56.112 [main] INFO  org.example.App - getBreeds_TC03()
2024-02-01 03:09:56.529 [main] INFO  org.example.App - getBreeds_TC04()
2024-02-01 03:09:56.930 [main] INFO  org.example.App - getBreeds_TC05()
2024-02-01 03:09:57.333 [main] INFO  org.example.App - getBreeds_TC06()
2024-02-01 03:17:16.355 [main] INFO  org.example.App - getBreeds_TC07()
2024-02-01 03:17:16.359 [main] ERROR org.example.App - getBreeds_TC07()
2024-02-01 03:31:01.965 [main] INFO  org.example.App - getBreeds_TC07()
2024-02-01 03:31:17.623 [main] TRACE org.example.App - We've just greeted the user!
2024-02-01 03:31:17.627 [main] DEBUG org.example.App - We've just greeted the user!
2024-02-01 03:31:17.627 [main] INFO  org.example.App - We've just greeted the user!
2024-02-01 03:31:17.627 [main] WARN  org.example.App - We've just greeted the user!
2024-02-01 03:31:17.627 [main] ERROR org.example.App - We've just greeted the user!
2024-02-01 03:31:17.627 [main] FATAL org.example.App - We've just greeted the user!
2024-02-01 03:41:38.490 [main] INFO  org.example.App - getBreeds_TC19() is done successfully
2024-02-01 03:41:38.957 [main] INFO  org.example.App - getBreeds_TC20() is done successfully
2024-02-01 03:41:39.426 [main] INFO  org.example.App - getBreeds_TC21() is done successfully
2024-02-01 03:41:39.843 [main] INFO  org.example.App - getBreeds_TC22() is done successfully
2024-02-01 03:41:40.309 [main] INFO  org.example.App - getBreeds_TC23() is done successfully
2024-02-01 03:41:40.733 [main] INFO  org.example.App - getBreeds_TC24() is done successfully
2024-02-01 03:41:41.159 [main] INFO  org.example.App - getBreeds_TC25() is done successfully
2024-02-01 03:41:41.632 [main] INFO  org.example.App - getBreeds_TC26() is done successfully
2024-02-01 03:41:42.056 [main] INFO  org.example.App - getBreeds_TC27() is done successfully
2024-02-01 03:41:42.517 [main] INFO  org.example.App - getBreeds_TC28() is done successfully
2024-02-01 03:41:43.076 [main] INFO  org.example.App - getBreeds_TC29() is done successfully
2024-02-01 03:41:43.601 [main] INFO  org.example.App - getBreeds_TC30() is done successfully
2024-02-01 03:52:48.584 [main] INFO  org.example.App - getBreeds_TC01() is done successfully
2024-02-01 03:52:49.034 [main] INFO  org.example.App - getBreeds_TC02() is done successfully
2024-02-01 03:52:49.445 [main] INFO  org.example.App - getBreeds_TC03() is done successfully
2024-02-01 03:52:49.843 [main] INFO  org.example.App - getBreeds_TC04() is done successfully
2024-02-01 03:52:50.261 [main] INFO  org.example.App - getBreeds_TC05() is done successfully
2024-02-01 03:52:50.642 [main] INFO  org.example.App - getBreeds_TC06() is done successfully
2024-02-01 03:53:25.568 [main] TRACE org.example.App - We've just greeted the user!
2024-02-01 03:53:25.572 [main] DEBUG org.example.App - We've just greeted the user!
2024-02-01 03:53:25.572 [main] INFO  org.example.App - We've just greeted the user!
2024-02-01 03:53:25.572 [main] WARN  org.example.App - We've just greeted the user!
2024-02-01 03:53:25.572 [main] ERROR org.example.App - We've just greeted the user!
2024-02-01 03:53:25.572 [main] FATAL org.example.App - We've just greeted the user!
2024-02-01 03:53:53.702 [main] TRACE org.example.App - We've just greeted the user!
2024-02-01 03:53:53.706 [main] DEBUG org.example.App - We've just greeted the user!
2024-02-01 03:53:53.706 [main] INFO  org.example.App - We've just greeted the user!
2024-02-01 03:53:53.706 [main] WARN  org.example.App - We've just greeted the user!
2024-02-01 03:53:53.706 [main] ERROR org.example.App - We've just greeted the user!
2024-02-01 03:53:53.707 [main] FATAL org.example.App - We've just greeted the user!
2024-02-01 03:54:54.172 [main] INFO  org.example.App - getFact_TC07() is done successfully
2024-02-01 03:54:54.607 [main] INFO  org.example.App - getFact_TC08() is done successfully
2024-02-01 03:54:55.052 [main] INFO  org.example.App - getFact_TC09() is done successfully
2024-02-01 03:54:55.468 [main] INFO  org.example.App - getFact_TC10() is done successfully
2024-02-01 03:54:55.894 [main] INFO  org.example.App - getFact_TC11() is done successfully
2024-02-01 03:54:56.327 [main] INFO  org.example.App - getFact_TC12() is done successfully
2024-02-01 03:54:56.745 [main] INFO  org.example.App - getFact_TC13() is done successfully
2024-02-01 03:54:57.192 [main] INFO  org.example.App - getFact_TC14() is done successfully
2024-02-01 03:54:57.602 [main] INFO  org.example.App - getFact_TC15() is done successfully
2024-02-01 03:54:58.000 [main] INFO  org.example.App - getFact_TC16() is done successfully
2024-02-01 03:54:58.470 [main] INFO  org.example.App - getFact_TC17() is done successfully
2024-02-01 03:54:58.967 [main] INFO  org.example.App - getFact_TC18() is done successfully
2024-02-01 03:55:40.517 [main] INFO  org.example.App - getFacts_TC19() is done successfully
2024-02-01 03:55:40.966 [main] INFO  org.example.App - getFacts_TC20() is done successfully
2024-02-01 03:55:41.404 [main] INFO  org.example.App - getFacts_TC21() is done successfully
2024-02-01 03:55:41.810 [main] INFO  org.example.App - getFacts_TC22() is done successfully
2024-02-01 03:55:42.269 [main] INFO  org.example.App - getFacts_TC23() is done successfully
2024-02-01 03:55:42.723 [main] INFO  org.example.App - getFacts_TC24() is done successfully
2024-02-01 03:55:43.186 [main] INFO  org.example.App - getFacts_TC25() is done successfully
2024-02-01 03:55:43.614 [main] INFO  org.example.App - getFacts_TC26() is done successfully
2024-02-01 03:55:44.202 [main] INFO  org.example.App - getFacts_TC27() is done successfully
2024-02-01 03:55:44.698 [main] INFO  org.example.App - getFacts_TC28() is done successfully
2024-02-01 03:55:45.275 [main] INFO  org.example.App - getFacts_TC29() is done successfully
2024-02-01 03:55:45.846 [main] INFO  org.example.App - getFacts_TC30() is done successfully
2024-02-01 04:22:33.806 [main] TRACE org.example.App - We've just greeted the user!
2024-02-01 04:22:33.811 [main] DEBUG org.example.App - We've just greeted the user!
2024-02-01 04:22:33.811 [main] INFO  org.example.App - We've just greeted the user!
2024-02-01 04:22:33.811 [main] WARN  org.example.App - We've just greeted the user!
2024-02-01 04:22:33.811 [main] ERROR org.example.App - We've just greeted the user!
2024-02-01 04:22:33.811 [main] FATAL org.example.App - We've just greeted the user!
2024-02-01 04:22:55.234 [main] TRACE org.example.App - We've just greeted the user!
2024-02-01 04:22:55.237 [main] DEBUG org.example.App - We've just greeted the user!
2024-02-01 04:22:55.237 [main] INFO  org.example.App - We've just greeted the user!
2024-02-01 04:22:55.238 [main] WARN  org.example.App - We've just greeted the user!
2024-02-01 04:22:55.238 [main] ERROR org.example.App - We've just greeted the user!
2024-02-01 04:22:55.238 [main] FATAL org.example.App - We've just greeted the user!
2024-02-01 04:23:35.264 [main] TRACE org.example.App - We've just greeted the user!
2024-02-01 04:23:35.273 [main] DEBUG org.example.App - We've just greeted the user!
2024-02-01 04:23:35.274 [main] INFO  org.example.App - We've just greeted the user!
2024-02-01 04:23:35.274 [main] WARN  org.example.App - We've just greeted the user!
2024-02-01 04:23:35.274 [main] ERROR org.example.App - We've just greeted the user!
2024-02-01 04:23:35.274 [main] FATAL org.example.App - We've just greeted the user!
2024-02-01 04:23:55.131 [main] INFO  org.example.App - getBreeds_TC01() is done successfully
2024-02-01 04:24:13.179 [main] TRACE org.example.App - We've just greeted the user!
2024-02-01 04:24:13.183 [main] DEBUG org.example.App - We've just greeted the user!
2024-02-01 04:24:13.183 [main] INFO  org.example.App - We've just greeted the user!
2024-02-01 04:24:13.184 [main] WARN  org.example.App - We've just greeted the user!
2024-02-01 04:24:13.184 [main] ERROR org.example.App - We've just greeted the user!
2024-02-01 04:24:13.184 [main] FATAL org.example.App - We've just greeted the user!
2024-02-01 04:24:41.202 [main] INFO  org.example.App - getBreeds_TC01() is done successfully
2024-02-01 04:24:41.680 [main] INFO  org.example.App - getBreeds_TC02() is done successfully
2024-02-01 04:24:42.106 [main] INFO  org.example.App - getBreeds_TC03() is done successfully
2024-02-01 04:24:42.532 [main] INFO  org.example.App - getBreeds_TC04() is done successfully
2024-02-01 04:24:42.937 [main] INFO  org.example.App - getBreeds_TC05() is done successfully
2024-02-01 04:24:43.320 [main] INFO  org.example.App - getBreeds_TC06() is done successfully
2024-02-01 04:25:38.847 [main] INFO  org.example.App - getBreeds_TC02() is done successfully
2024-02-01 12:27:38.139 [main] TRACE org.example.App - We've just greeted the user!
2024-02-01 12:27:38.144 [main] DEBUG org.example.App - We've just greeted the user!
2024-02-01 12:27:38.144 [main] INFO  org.example.App - We've just greeted the user!
2024-02-01 12:27:38.144 [main] WARN  org.example.App - We've just greeted the user!
2024-02-01 12:27:38.144 [main] ERROR org.example.App - We've just greeted the user!
2024-02-01 12:27:38.144 [main] FATAL org.example.App - We've just greeted the user!
2024-02-01 12:28:00.352 [main] INFO  org.example.App - getBreeds_TC01() is done successfully
2024-02-01 12:28:01.072 [main] INFO  org.example.App - getBreeds_TC02() is done successfully
2024-02-01 12:28:01.571 [main] INFO  org.example.App - getBreeds_TC03() is done successfully
2024-02-01 12:28:02.083 [main] INFO  org.example.App - getBreeds_TC04() is done successfully
2024-02-01 12:28:02.555 [main] INFO  org.example.App - getBreeds_TC05() is done successfully
2024-02-01 12:28:02.974 [main] INFO  org.example.App - getBreeds_TC06() is done successfully
2024-02-01 12:28:34.879 [main] INFO  org.example.App - getFacts_TC19() is done successfully
2024-02-01 12:28:35.331 [main] INFO  org.example.App - getFacts_TC20() is done successfully
2024-02-01 12:28:35.758 [main] INFO  org.example.App - getFacts_TC21() is done successfully
2024-02-01 12:28:36.182 [main] INFO  org.example.App - getFacts_TC22() is done successfully
2024-02-01 12:28:36.582 [main] INFO  org.example.App - getFacts_TC23() is done successfully
2024-02-01 12:28:36.983 [main] INFO  org.example.App - getFacts_TC24() is done successfully
2024-02-01 12:28:37.380 [main] INFO  org.example.App - getFacts_TC25() is done successfully
2024-02-01 12:28:37.799 [main] INFO  org.example.App - getFacts_TC26() is done successfully
2024-02-01 12:28:38.183 [main] INFO  org.example.App - getFacts_TC27() is done successfully
2024-02-01 12:28:38.579 [main] INFO  org.example.App - getFacts_TC28() is done successfully
2024-02-01 12:28:39.069 [main] INFO  org.example.App - getFacts_TC29() is done successfully
2024-02-01 12:28:39.571 [main] INFO  org.example.App - getFacts_TC30() is done successfully
2024-02-01 12:28:58.591 [main] INFO  org.example.App - getFact_TC07() is done successfully
2024-02-01 12:28:59.027 [main] INFO  org.example.App - getFact_TC08() is done successfully
2024-02-01 12:28:59.486 [main] INFO  org.example.App - getFact_TC09() is done successfully
2024-02-01 12:28:59.887 [main] INFO  org.example.App - getFact_TC10() is done successfully
2024-02-01 12:29:00.293 [main] INFO  org.example.App - getFact_TC11() is done successfully
2024-02-01 12:29:00.708 [main] INFO  org.example.App - getFact_TC12() is done successfully
2024-02-01 12:29:01.095 [main] INFO  org.example.App - getFact_TC13() is done successfully
2024-02-01 12:29:01.497 [main] INFO  org.example.App - getFact_TC14() is done successfully
2024-02-01 12:29:01.898 [main] INFO  org.example.App - getFact_TC15() is done successfully
2024-02-01 12:29:02.294 [main] INFO  org.example.App - getFact_TC16() is done successfully
2024-02-01 12:29:02.698 [main] INFO  org.example.App - getFact_TC17() is done successfully
2024-02-01 12:29:03.086 [main] INFO  org.example.App - getFact_TC18() is done successfully
2024-02-01 12:30:30.946 [main] TRACE org.example.App - We've just greeted the user!
2024-02-01 12:30:30.951 [main] DEBUG org.example.App - We've just greeted the user!
2024-02-01 12:30:30.951 [main] INFO  org.example.App - We've just greeted the user!
2024-02-01 12:30:30.951 [main] WARN  org.example.App - We've just greeted the user!
2024-02-01 12:30:30.951 [main] ERROR org.example.App - We've just greeted the user!
2024-02-01 12:30:30.951 [main] FATAL org.example.App - We've just greeted the user!
2024-02-01 12:30:42.241 [main] TRACE org.example.App - We've just greeted the user!
2024-02-01 12:30:42.244 [main] DEBUG org.example.App - We've just greeted the user!
2024-02-01 12:30:42.246 [main] INFO  org.example.App - We've just greeted the user!
2024-02-01 12:30:42.246 [main] WARN  org.example.App - We've just greeted the user!
2024-02-01 12:30:42.246 [main] ERROR org.example.App - We've just greeted the user!
2024-02-01 12:30:42.246 [main] FATAL org.example.App - We've just greeted the user!
2024-02-01 12:31:09.456 [main] INFO  org.example.App - getBreeds_TC01() is done successfully
2024-02-01 12:31:09.964 [main] INFO  org.example.App - getBreeds_TC02() is done successfully
2024-02-01 12:31:10.441 [main] INFO  org.example.App - getBreeds_TC03() is done successfully
2024-02-01 12:31:10.899 [main] INFO  org.example.App - getBreeds_TC04() is done successfully
2024-02-01 12:31:11.329 [main] INFO  org.example.App - getBreeds_TC05() is done successfully
2024-02-01 12:31:11.788 [main] INFO  org.example.App - getBreeds_TC06() is done successfully
2024-02-01 12:31:25.008 [main] TRACE org.example.App - We've just greeted the user!
2024-02-01 12:31:25.012 [main] DEBUG org.example.App - We've just greeted the user!
2024-02-01 12:31:25.013 [main] INFO  org.example.App - We've just greeted the user!
2024-02-01 12:31:25.013 [main] WARN  org.example.App - We've just greeted the user!
2024-02-01 12:31:25.013 [main] ERROR org.example.App - We've just greeted the user!
2024-02-01 12:31:25.013 [main] FATAL org.example.App - We've just greeted the user!
2024-02-01 12:31:40.177 [main] TRACE org.example.App - We've just greeted the user!
2024-02-01 12:31:40.181 [main] DEBUG org.example.App - We've just greeted the user!
2024-02-01 12:31:40.181 [main] INFO  org.example.App - We've just greeted the user!
2024-02-01 12:31:40.181 [main] WARN  org.example.App - We've just greeted the user!
2024-02-01 12:31:40.181 [main] ERROR org.example.App - We've just greeted the user!
2024-02-01 12:31:40.182 [main] FATAL org.example.App - We've just greeted the user!
2024-02-01 12:32:01.893 [main] INFO  org.example.App - getBreeds_TC01() is done successfully
2024-02-01 12:32:19.172 [main] TRACE org.example.App - We've just greeted the user!
2024-02-01 12:32:19.180 [main] DEBUG org.example.App - We've just greeted the user!
2024-02-01 12:32:19.180 [main] INFO  org.example.App - We've just greeted the user!
2024-02-01 12:32:19.181 [main] WARN  org.example.App - We've just greeted the user!
2024-02-01 12:32:19.181 [main] ERROR org.example.App - We've just greeted the user!
2024-02-01 12:32:19.181 [main] FATAL org.example.App - We've just greeted the user!
2024-02-01 12:32:37.326 [main] INFO  org.example.App - getBreeds_TC01() is done successfully
2024-02-01 12:32:37.781 [main] INFO  org.example.App - getBreeds_TC02() is done successfully
2024-02-01 12:32:38.188 [main] INFO  org.example.App - getBreeds_TC03() is done successfully
2024-02-01 12:32:38.616 [main] INFO  org.example.App - getBreeds_TC04() is done successfully
2024-02-01 12:32:39.028 [main] INFO  org.example.App - getBreeds_TC05() is done successfully
2024-02-01 12:32:39.432 [main] INFO  org.example.App - getBreeds_TC06() is done successfully
2024-02-01 12:35:35.347 [main] INFO  org.example.App - getBreeds_TC01() is done successfully
2024-02-01 12:35:36.463 [main] INFO  org.example.App - getBreeds_TC02() is done successfully
2024-02-01 12:35:36.907 [main] INFO  org.example.App - getBreeds_TC03() is done successfully
2024-02-01 12:35:37.307 [main] INFO  org.example.App - getBreeds_TC04() is done successfully
2024-02-01 12:35:37.739 [main] INFO  org.example.App - getBreeds_TC05() is done successfully
2024-02-01 12:35:38.146 [main] INFO  org.example.App - getBreeds_TC06() is done successfully
2024-02-01 12:36:04.134 [main] INFO  org.example.App - getFacts_TC19() is done successfully
2024-02-01 12:36:04.553 [main] INFO  org.example.App - getFacts_TC20() is done successfully
2024-02-01 12:36:04.934 [main] INFO  org.example.App - getFacts_TC21() is done successfully
2024-02-01 12:36:05.322 [main] INFO  org.example.App - getFacts_TC22() is done successfully
2024-02-01 12:36:05.707 [main] INFO  org.example.App - getFacts_TC23() is done successfully
2024-02-01 12:36:06.106 [main] INFO  org.example.App - getFacts_TC24() is done successfully
2024-02-01 12:36:06.496 [main] INFO  org.example.App - getFacts_TC25() is done successfully
2024-02-01 12:36:07.207 [main] INFO  org.example.App - getFacts_TC26() is done successfully
2024-02-01 12:36:07.605 [main] INFO  org.example.App - getFacts_TC27() is done successfully
2024-02-01 12:36:08.006 [main] INFO  org.example.App - getFacts_TC28() is done successfully
2024-02-01 12:36:08.505 [main] INFO  org.example.App - getFacts_TC29() is done successfully
2024-02-01 12:36:09.063 [main] INFO  org.example.App - getFacts_TC30() is done successfully
2024-02-01 12:55:04.118 [main] INFO  org.example.Log4j2 - getBreeds_TC01() is done successfully
2024-02-01 12:55:04.683 [main] INFO  org.example.Log4j2 - getBreeds_TC02() is done successfully
2024-02-01 12:55:05.124 [main] INFO  org.example.Log4j2 - getBreeds_TC03() is done successfully
2024-02-01 12:55:05.622 [main] INFO  org.example.Log4j2 - getBreeds_TC04() is done successfully
2024-02-01 12:55:06.100 [main] INFO  org.example.Log4j2 - getBreeds_TC05() is done successfully
2024-02-01 12:55:06.515 [main] INFO  org.example.Log4j2 - getBreeds_TC06() is done successfully
2024-02-01 12:55:26.448 [main] INFO  org.example.Log4j2 - getFact_TC07() is done successfully
2024-02-01 12:55:26.873 [main] INFO  org.example.Log4j2 - getFact_TC08() is done successfully
2024-02-01 12:55:27.289 [main] INFO  org.example.Log4j2 - getFact_TC09() is done successfully
2024-02-01 12:55:27.686 [main] INFO  org.example.Log4j2 - getFact_TC10() is done successfully
2024-02-01 12:55:28.079 [main] INFO  org.example.Log4j2 - getFact_TC11() is done successfully
2024-02-01 12:55:28.458 [main] INFO  org.example.Log4j2 - getFact_TC12() is done successfully
2024-02-01 12:55:28.844 [main] INFO  org.example.Log4j2 - getFact_TC13() is done successfully
2024-02-01 12:55:29.218 [main] INFO  org.example.Log4j2 - getFact_TC14() is done successfully
2024-02-01 12:55:29.598 [main] INFO  org.example.Log4j2 - getFact_TC15() is done successfully
2024-02-01 12:55:29.965 [main] INFO  org.example.Log4j2 - getFact_TC16() is done successfully
2024-02-01 12:55:30.340 [main] INFO  org.example.Log4j2 - getFact_TC17() is done successfully
2024-02-01 12:55:30.738 [main] INFO  org.example.Log4j2 - getFact_TC18() is done successfully
2024-02-01 12:55:47.556 [main] INFO  org.example.Log4j2 - getFacts_TC19() is done successfully
2024-02-01 12:55:48.041 [main] INFO  org.example.Log4j2 - getFacts_TC20() is done successfully
2024-02-01 12:55:48.500 [main] INFO  org.example.Log4j2 - getFacts_TC21() is done successfully
2024-02-01 12:55:48.919 [main] INFO  org.example.Log4j2 - getFacts_TC22() is done successfully
2024-02-01 12:55:49.306 [main] INFO  org.example.Log4j2 - getFacts_TC23() is done successfully
2024-02-01 12:55:49.698 [main] INFO  org.example.Log4j2 - getFacts_TC24() is done successfully
2024-02-01 12:55:50.077 [main] INFO  org.example.Log4j2 - getFacts_TC25() is done successfully
2024-02-01 12:55:51.256 [main] INFO  org.example.Log4j2 - getFacts_TC26() is done successfully
2024-02-01 12:55:51.707 [main] INFO  org.example.Log4j2 - getFacts_TC27() is done successfully
2024-02-01 12:55:52.130 [main] INFO  org.example.Log4j2 - getFacts_TC28() is done successfully
2024-02-01 12:55:52.716 [main] INFO  org.example.Log4j2 - getFacts_TC29() is done successfully
2024-02-01 12:55:53.287 [main] INFO  org.example.Log4j2 - getFacts_TC30() is done successfully
