2024-02-03 17:46:51.184 [main] INFO  org.example.Log4j2 - Test is Starting...
2024-02-03 17:46:52.826 [main] INFO  org.example.Log4j2 - getBreeds_TC01() is done successfully
2024-02-03 17:46:52.832 [main] INFO  org.example.Log4j2 - Test is Ending...
2024-02-03 17:51:32.779 [main] INFO  org.example.Log4j2 - Test is Starting...
2024-02-03 17:51:34.348 [main] INFO  org.example.Log4j2 - getBreeds_TC01() is done successfully
2024-02-03 17:51:34.806 [main] INFO  org.example.Log4j2 - getBreeds_TC02() is done successfully
2024-02-03 17:51:35.246 [main] INFO  org.example.Log4j2 - getBreeds_TC03() is done successfully
2024-02-03 17:51:35.663 [main] INFO  org.example.Log4j2 - getBreeds_TC04() is done successfully
2024-02-03 17:51:36.117 [main] INFO  org.example.Log4j2 - getBreeds_TC05() is done successfully
2024-02-03 17:51:36.525 [main] INFO  org.example.Log4j2 - getBreeds_TC06() is done successfully
2024-02-03 17:51:36.527 [main] INFO  org.example.Log4j2 - Test is Ending...
2024-02-03 18:03:57.807 [main] INFO  org.example.Log4j2 - Test is Starting...
2024-02-03 18:03:59.337 [main] INFO  org.example.Log4j2 - getBreeds_TC01() is done successfully
2024-02-03 18:03:59.340 [main] INFO  org.example.Log4j2 - Test is Ending...
2024-02-03 18:03:59.344 [main] INFO  org.example.Log4j2 - Test is Starting...
2024-02-03 18:03:59.826 [main] INFO  org.example.Log4j2 - getBreeds_TC02() is done successfully
2024-02-03 18:03:59.829 [main] INFO  org.example.Log4j2 - Test is Ending...
2024-02-03 18:03:59.832 [main] INFO  org.example.Log4j2 - Test is Starting...
2024-02-03 18:04:00.268 [main] INFO  org.example.Log4j2 - getBreeds_TC03() is done successfully
2024-02-03 18:04:00.271 [main] INFO  org.example.Log4j2 - Test is Ending...
2024-02-03 18:04:00.275 [main] INFO  org.example.Log4j2 - Test is Starting...
2024-02-03 18:04:00.682 [main] INFO  org.example.Log4j2 - getBreeds_TC04() is done successfully
2024-02-03 18:04:00.683 [main] INFO  org.example.Log4j2 - Test is Ending...
2024-02-03 18:04:00.684 [main] INFO  org.example.Log4j2 - Test is Starting...
2024-02-03 18:04:01.096 [main] INFO  org.example.Log4j2 - getBreeds_TC05() is done successfully
2024-02-03 18:04:01.098 [main] INFO  org.example.Log4j2 - Test is Ending...
2024-02-03 18:04:01.099 [main] INFO  org.example.Log4j2 - Test is Starting...
2024-02-03 18:04:01.484 [main] INFO  org.example.Log4j2 - getBreeds_TC06() is done successfully
2024-02-03 18:04:01.486 [main] INFO  org.example.Log4j2 - Test is Ending...
2024-02-03 18:09:26.221 [main] INFO  org.example.Log4j2 - getBreedsTest
2024-02-03 18:09:27.788 [main] INFO  org.example.Log4j2 - getBreeds_TC01() is done successfully
2024-02-03 18:09:27.791 [main] INFO  org.example.Log4j2 - getBreedsTest
2024-02-03 18:12:17.217 [main] INFO  org.example.Log4j2 - getBreedsTestTest is Starting...
2024-02-03 18:12:18.993 [main] INFO  org.example.Log4j2 - getBreeds_TC01() is done successfully
2024-02-03 18:12:18.997 [main] INFO  org.example.Log4j2 - getBreedsTestTest is Ending...
2024-02-03 18:13:23.023 [main] INFO  org.example.Log4j2 - getBreedsTest is Starting...
2024-02-03 18:13:24.658 [main] INFO  org.example.Log4j2 - getBreeds_TC01() is done successfully
2024-02-03 18:13:24.666 [main] INFO  org.example.Log4j2 - getBreedsTest is Ending...
2024-02-03 18:14:54.759 [main] INFO  org.example.Log4j2 - getBreedsTest is Starting...
2024-02-03 18:14:56.408 [main] INFO  org.example.Log4j2 - getBreeds_TC01() is done successfully
2024-02-03 18:14:56.412 [main] INFO  org.example.Log4j2 - getBreedsTest is Ending...
2024-02-03 18:40:51.665 [main] INFO  org.example.Log4j2 - getBreedsTest is Starting...
2024-02-03 18:40:53.210 [main] INFO  org.example.Log4j2 - getBreeds_TC01() is done successfully
2024-02-03 18:40:53.214 [main] INFO  org.example.Log4j2 - getBreedsTest is Ending...
